2023-01-31 17:47:50,840 [Worker-8: Loading available Gradle versions] INFO  o.e.b.c.i.u.g.PublishedGradleVersions - Gradle version information cache is up-to-date. Trying to read.
2023-01-31 17:59:19,412 [Worker-9: Import Getting Started Content] INFO  o.e.m.c.i.l.LifecycleMappingFactory - Using org.eclipse.m2e.jdt.JarLifecycleMapping lifecycle mapping for MavenProject: com.springboot-backend-app:springboot-backend:0.0.1-SNAPSHOT @ C:\Users\tasle\Documents\workspace-spring-tool-suite-4-4.17.1.RELEASE\springboot-backend\pom.xml.
2023-01-31 17:59:21,346 [Worker-9: Import Getting Started Content] INFO  o.e.m.j.i.AbstractJavaProjectConfigurator - Adding source folder /springboot-backend/src/main/java
2023-01-31 17:59:21,347 [Worker-9: Import Getting Started Content] INFO  o.e.m.j.i.AbstractJavaProjectConfigurator - Adding resource folder /springboot-backend/src/main/resources
2023-01-31 17:59:21,355 [Worker-9: Import Getting Started Content] INFO  o.e.m.j.i.AbstractJavaProjectConfigurator - Adding resource folder /springboot-backend/src/main/resources
2023-01-31 17:59:21,365 [Worker-9: Import Getting Started Content] INFO  o.e.m.j.i.AbstractJavaProjectConfigurator - Adding source folder /springboot-backend/src/test/java
2023-01-31 17:59:22,355 [Worker-9: Import Getting Started Content] INFO  o.e.m.c.i.p.ProjectConfigurationManager - Imported and configured 1 project(s) in 4 sec
2023-01-31 17:59:22,362 [Worker-9: Import Getting Started Content] INFO  o.e.m.c.i.p.ProjectConfigurationManager - Update started
2023-01-31 17:59:22,629 [Worker-9: Import Getting Started Content] INFO  o.e.m.c.i.l.LifecycleMappingFactory - Using org.eclipse.m2e.jdt.JarLifecycleMapping lifecycle mapping for MavenProject: com.springboot-backend-app:springboot-backend:0.0.1-SNAPSHOT @ C:\Users\tasle\Documents\workspace-spring-tool-suite-4-4.17.1.RELEASE\springboot-backend\pom.xml.
2023-01-31 17:59:23,264 [Worker-9: Import Getting Started Content] INFO  o.e.m.j.i.AbstractJavaProjectConfigurator - Adding source folder /springboot-backend/src/main/java
2023-01-31 17:59:23,264 [Worker-9: Import Getting Started Content] INFO  o.e.m.j.i.AbstractJavaProjectConfigurator - Adding resource folder /springboot-backend/src/main/resources
2023-01-31 17:59:23,266 [Worker-9: Import Getting Started Content] INFO  o.e.m.j.i.AbstractJavaProjectConfigurator - Adding resource folder /springboot-backend/src/main/resources
2023-01-31 17:59:23,267 [Worker-9: Import Getting Started Content] INFO  o.e.m.j.i.AbstractJavaProjectConfigurator - Adding source folder /springboot-backend/src/test/java
2023-01-31 17:59:24,082 [Worker-9: Import Getting Started Content] INFO  o.e.m.c.i.p.ProjectConfigurationManager - Update completed for 1 poms: local refresh takes 0.00 sec, refresh facades takes 0.00 sec, update config takes 0.00 sec 
2023-01-31 17:59:24,164 [Worker-16: Updating Maven Project] INFO  o.e.m.c.i.p.ProjectConfigurationManager - Update started
2023-01-31 17:59:24,562 [Worker-16: Updating Maven Project] INFO  o.e.m.c.i.l.LifecycleMappingFactory - Using org.eclipse.m2e.jdt.JarLifecycleMapping lifecycle mapping for MavenProject: com.springboot-backend-app:springboot-backend:0.0.1-SNAPSHOT @ C:\Users\tasle\Documents\workspace-spring-tool-suite-4-4.17.1.RELEASE\springboot-backend\pom.xml.
2023-01-31 17:59:25,388 [Worker-16: Updating Maven Project] INFO  o.e.m.j.i.AbstractJavaProjectConfigurator - Adding source folder /springboot-backend/src/main/java
2023-01-31 17:59:25,389 [Worker-16: Updating Maven Project] INFO  o.e.m.j.i.AbstractJavaProjectConfigurator - Adding resource folder /springboot-backend/src/main/resources
2023-01-31 17:59:25,389 [Worker-16: Updating Maven Project] INFO  o.e.m.j.i.AbstractJavaProjectConfigurator - Adding resource folder /springboot-backend/src/main/resources
2023-01-31 17:59:25,392 [Worker-16: Updating Maven Project] INFO  o.e.m.j.i.AbstractJavaProjectConfigurator - Adding source folder /springboot-backend/src/test/java
2023-01-31 17:59:25,857 [Worker-16: Updating Maven Project] INFO  o.e.m.c.i.p.ProjectConfigurationManager - Update completed for 1 poms: local refresh takes 0.00 sec, refresh facades takes 1.00 sec, update config takes 0.00 sec 
2023-01-31 18:00:33,659 [Worker-17: Launching Executing clean in C__Users_tasle_Documents_workspace-spring-tool-suite-4-4.17.1.RELEASE_springboot-backend] INFO  o.eclipse.m2e.core.internal.Bundles - getClasspathEntries(Bundle=org.eclipse.m2e.maven.runtime_3.8.604.20221130-2149 [345])
2023-01-31 18:00:33,663 [Worker-17: Launching Executing clean in C__Users_tasle_Documents_workspace-spring-tool-suite-4-4.17.1.RELEASE_springboot-backend] INFO  o.eclipse.m2e.core.internal.Bundles - 	Entry: C:\Users\tasle\Downloads\sts-4.17.1.RELEASE\plugins\org.eclipse.m2e.maven.runtime_3.8.604.20221130-2149
2023-01-31 18:00:33,663 [Worker-17: Launching Executing clean in C__Users_tasle_Documents_workspace-spring-tool-suite-4-4.17.1.RELEASE_springboot-backend] INFO  o.eclipse.m2e.core.internal.Bundles - 	Entry: C:\Users\tasle\Downloads\sts-4.17.1.RELEASE\plugins\org.eclipse.m2e.maven.runtime_3.8.604.20221130-2149\jars\aether-connector-okhttp-0.17.8.jar
2023-01-31 18:00:33,664 [Worker-17: Launching Executing clean in C__Users_tasle_Documents_workspace-spring-tool-suite-4-4.17.1.RELEASE_springboot-backend] INFO  o.eclipse.m2e.core.internal.Bundles - 	Entry: C:\Users\tasle\Downloads\sts-4.17.1.RELEASE\plugins\org.eclipse.m2e.maven.runtime_3.8.604.20221130-2149\jars\commons-cli-1.4.jar
2023-01-31 18:00:33,664 [Worker-17: Launching Executing clean in C__Users_tasle_Documents_workspace-spring-tool-suite-4-4.17.1.RELEASE_springboot-backend] INFO  o.eclipse.m2e.core.internal.Bundles - 	Entry: C:\Users\tasle\Downloads\sts-4.17.1.RELEASE\plugins\org.eclipse.m2e.maven.runtime_3.8.604.20221130-2149\jars\commons-io-2.6.jar
2023-01-31 18:00:33,664 [Worker-17: Launching Executing clean in C__Users_tasle_Documents_workspace-spring-tool-suite-4-4.17.1.RELEASE_springboot-backend] INFO  o.eclipse.m2e.core.internal.Bundles - 	Entry: C:\Users\tasle\Downloads\sts-4.17.1.RELEASE\plugins\org.eclipse.m2e.maven.runtime_3.8.604.20221130-2149\jars\commons-lang3-3.8.1.jar
2023-01-31 18:00:33,664 [Worker-17: Launching Executing clean in C__Users_tasle_Documents_workspace-spring-tool-suite-4-4.17.1.RELEASE_springboot-backend] INFO  o.eclipse.m2e.core.internal.Bundles - 	Entry: C:\Users\tasle\Downloads\sts-4.17.1.RELEASE\plugins\org.eclipse.m2e.maven.runtime_3.8.604.20221130-2149\jars\guice-4.2.2-no_aop.jar
2023-01-31 18:00:33,665 [Worker-17: Launching Executing clean in C__Users_tasle_Documents_workspace-spring-tool-suite-4-4.17.1.RELEASE_springboot-backend] INFO  o.eclipse.m2e.core.internal.Bundles - 	Entry: C:\Users\tasle\Downloads\sts-4.17.1.RELEASE\plugins\org.eclipse.m2e.maven.runtime_3.8.604.20221130-2149\jars\jansi-2.4.0.jar
2023-01-31 18:00:33,665 [Worker-17: Launching Executing clean in C__Users_tasle_Documents_workspace-spring-tool-suite-4-4.17.1.RELEASE_springboot-backend] INFO  o.eclipse.m2e.core.internal.Bundles - 	Entry: C:\Users\tasle\Downloads\sts-4.17.1.RELEASE\plugins\org.eclipse.m2e.maven.runtime_3.8.604.20221130-2149\jars\maven-artifact-3.8.6.jar
2023-01-31 18:00:33,665 [Worker-17: Launching Executing clean in C__Users_tasle_Documents_workspace-spring-tool-suite-4-4.17.1.RELEASE_springboot-backend] INFO  o.eclipse.m2e.core.internal.Bundles - 	Entry: C:\Users\tasle\Downloads\sts-4.17.1.RELEASE\plugins\org.eclipse.m2e.maven.runtime_3.8.604.20221130-2149\jars\maven-builder-support-3.8.6.jar
2023-01-31 18:00:33,665 [Worker-17: Launching Executing clean in C__Users_tasle_Documents_workspace-spring-tool-suite-4-4.17.1.RELEASE_springboot-backend] INFO  o.eclipse.m2e.core.internal.Bundles - 	Entry: C:\Users\tasle\Downloads\sts-4.17.1.RELEASE\plugins\org.eclipse.m2e.maven.runtime_3.8.604.20221130-2149\jars\maven-compat-3.8.6.jar
2023-01-31 18:00:33,666 [Worker-17: Launching Executing clean in C__Users_tasle_Documents_workspace-spring-tool-suite-4-4.17.1.RELEASE_springboot-backend] INFO  o.eclipse.m2e.core.internal.Bundles - 	Entry: C:\Users\tasle\Downloads\sts-4.17.1.RELEASE\plugins\org.eclipse.m2e.maven.runtime_3.8.604.20221130-2149\jars\maven-core-3.8.6.jar
2023-01-31 18:00:33,666 [Worker-17: Launching Executing clean in C__Users_tasle_Documents_workspace-spring-tool-suite-4-4.17.1.RELEASE_springboot-backend] INFO  o.eclipse.m2e.core.internal.Bundles - 	Entry: C:\Users\tasle\Downloads\sts-4.17.1.RELEASE\plugins\org.eclipse.m2e.maven.runtime_3.8.604.20221130-2149\jars\maven-embedder-3.8.6.jar
2023-01-31 18:00:33,666 [Worker-17: Launching Executing clean in C__Users_tasle_Documents_workspace-spring-tool-suite-4-4.17.1.RELEASE_springboot-backend] INFO  o.eclipse.m2e.core.internal.Bundles - 	Entry: C:\Users\tasle\Downloads\sts-4.17.1.RELEASE\plugins\org.eclipse.m2e.maven.runtime_3.8.604.20221130-2149\jars\maven-model-3.8.6.jar
2023-01-31 18:00:33,666 [Worker-17: Launching Executing clean in C__Users_tasle_Documents_workspace-spring-tool-suite-4-4.17.1.RELEASE_springboot-backend] INFO  o.eclipse.m2e.core.internal.Bundles - 	Entry: C:\Users\tasle\Downloads\sts-4.17.1.RELEASE\plugins\org.eclipse.m2e.maven.runtime_3.8.604.20221130-2149\jars\maven-model-builder-3.8.6.jar
2023-01-31 18:00:33,667 [Worker-17: Launching Executing clean in C__Users_tasle_Documents_workspace-spring-tool-suite-4-4.17.1.RELEASE_springboot-backend] INFO  o.eclipse.m2e.core.internal.Bundles - 	Entry: C:\Users\tasle\Downloads\sts-4.17.1.RELEASE\plugins\org.eclipse.m2e.maven.runtime_3.8.604.20221130-2149\jars\maven-plugin-api-3.8.6.jar
2023-01-31 18:00:33,667 [Worker-17: Launching Executing clean in C__Users_tasle_Documents_workspace-spring-tool-suite-4-4.17.1.RELEASE_springboot-backend] INFO  o.eclipse.m2e.core.internal.Bundles - 	Entry: C:\Users\tasle\Downloads\sts-4.17.1.RELEASE\plugins\org.eclipse.m2e.maven.runtime_3.8.604.20221130-2149\jars\maven-repository-metadata-3.8.6.jar
2023-01-31 18:00:33,667 [Worker-17: Launching Executing clean in C__Users_tasle_Documents_workspace-spring-tool-suite-4-4.17.1.RELEASE_springboot-backend] INFO  o.eclipse.m2e.core.internal.Bundles - 	Entry: C:\Users\tasle\Downloads\sts-4.17.1.RELEASE\plugins\org.eclipse.m2e.maven.runtime_3.8.604.20221130-2149\jars\maven-resolver-api-1.6.3.jar
2023-01-31 18:00:33,667 [Worker-17: Launching Executing clean in C__Users_tasle_Documents_workspace-spring-tool-suite-4-4.17.1.RELEASE_springboot-backend] INFO  o.eclipse.m2e.core.internal.Bundles - 	Entry: C:\Users\tasle\Downloads\sts-4.17.1.RELEASE\plugins\org.eclipse.m2e.maven.runtime_3.8.604.20221130-2149\jars\maven-resolver-connector-basic-1.6.3.jar
2023-01-31 18:00:33,667 [Worker-17: Launching Executing clean in C__Users_tasle_Documents_workspace-spring-tool-suite-4-4.17.1.RELEASE_springboot-backend] INFO  o.eclipse.m2e.core.internal.Bundles - 	Entry: C:\Users\tasle\Downloads\sts-4.17.1.RELEASE\plugins\org.eclipse.m2e.maven.runtime_3.8.604.20221130-2149\jars\maven-resolver-impl-1.6.3.jar
2023-01-31 18:00:33,667 [Worker-17: Launching Executing clean in C__Users_tasle_Documents_workspace-spring-tool-suite-4-4.17.1.RELEASE_springboot-backend] INFO  o.eclipse.m2e.core.internal.Bundles - 	Entry: C:\Users\tasle\Downloads\sts-4.17.1.RELEASE\plugins\org.eclipse.m2e.maven.runtime_3.8.604.20221130-2149\jars\maven-resolver-provider-3.8.6.jar
2023-01-31 18:00:33,668 [Worker-17: Launching Executing clean in C__Users_tasle_Documents_workspace-spring-tool-suite-4-4.17.1.RELEASE_springboot-backend] INFO  o.eclipse.m2e.core.internal.Bundles - 	Entry: C:\Users\tasle\Downloads\sts-4.17.1.RELEASE\plugins\org.eclipse.m2e.maven.runtime_3.8.604.20221130-2149\jars\maven-resolver-spi-1.6.3.jar
2023-01-31 18:00:33,668 [Worker-17: Launching Executing clean in C__Users_tasle_Documents_workspace-spring-tool-suite-4-4.17.1.RELEASE_springboot-backend] INFO  o.eclipse.m2e.core.internal.Bundles - 	Entry: C:\Users\tasle\Downloads\sts-4.17.1.RELEASE\plugins\org.eclipse.m2e.maven.runtime_3.8.604.20221130-2149\jars\maven-resolver-transport-wagon-1.6.3.jar
2023-01-31 18:00:33,668 [Worker-17: Launching Executing clean in C__Users_tasle_Documents_workspace-spring-tool-suite-4-4.17.1.RELEASE_springboot-backend] INFO  o.eclipse.m2e.core.internal.Bundles - 	Entry: C:\Users\tasle\Downloads\sts-4.17.1.RELEASE\plugins\org.eclipse.m2e.maven.runtime_3.8.604.20221130-2149\jars\maven-resolver-util-1.6.3.jar
2023-01-31 18:00:33,668 [Worker-17: Launching Executing clean in C__Users_tasle_Documents_workspace-spring-tool-suite-4-4.17.1.RELEASE_springboot-backend] INFO  o.eclipse.m2e.core.internal.Bundles - 	Entry: C:\Users\tasle\Downloads\sts-4.17.1.RELEASE\plugins\org.eclipse.m2e.maven.runtime_3.8.604.20221130-2149\jars\maven-settings-3.8.6.jar
2023-01-31 18:00:33,669 [Worker-17: Launching Executing clean in C__Users_tasle_Documents_workspace-spring-tool-suite-4-4.17.1.RELEASE_springboot-backend] INFO  o.eclipse.m2e.core.internal.Bundles - 	Entry: C:\Users\tasle\Downloads\sts-4.17.1.RELEASE\plugins\org.eclipse.m2e.maven.runtime_3.8.604.20221130-2149\jars\maven-settings-builder-3.8.6.jar
2023-01-31 18:00:33,669 [Worker-17: Launching Executing clean in C__Users_tasle_Documents_workspace-spring-tool-suite-4-4.17.1.RELEASE_springboot-backend] INFO  o.eclipse.m2e.core.internal.Bundles - 	Entry: C:\Users\tasle\Downloads\sts-4.17.1.RELEASE\plugins\org.eclipse.m2e.maven.runtime_3.8.604.20221130-2149\jars\maven-shared-utils-3.3.4.jar
2023-01-31 18:00:33,669 [Worker-17: Launching Executing clean in C__Users_tasle_Documents_workspace-spring-tool-suite-4-4.17.1.RELEASE_springboot-backend] INFO  o.eclipse.m2e.core.internal.Bundles - 	Entry: C:\Users\tasle\Downloads\sts-4.17.1.RELEASE\plugins\org.eclipse.m2e.maven.runtime_3.8.604.20221130-2149\jars\okhttp-3.14.1.jar
2023-01-31 18:00:33,670 [Worker-17: Launching Executing clean in C__Users_tasle_Documents_workspace-spring-tool-suite-4-4.17.1.RELEASE_springboot-backend] INFO  o.eclipse.m2e.core.internal.Bundles - 	Entry: C:\Users\tasle\Downloads\sts-4.17.1.RELEASE\plugins\org.eclipse.m2e.maven.runtime_3.8.604.20221130-2149\jars\okio-1.17.3.jar
2023-01-31 18:00:33,670 [Worker-17: Launching Executing clean in C__Users_tasle_Documents_workspace-spring-tool-suite-4-4.17.1.RELEASE_springboot-backend] INFO  o.eclipse.m2e.core.internal.Bundles - 	Entry: C:\Users\tasle\Downloads\sts-4.17.1.RELEASE\plugins\org.eclipse.m2e.maven.runtime_3.8.604.20221130-2149\jars\org.eclipse.sisu.inject-0.3.5.jar
2023-01-31 18:00:33,670 [Worker-17: Launching Executing clean in C__Users_tasle_Documents_workspace-spring-tool-suite-4-4.17.1.RELEASE_springboot-backend] INFO  o.eclipse.m2e.core.internal.Bundles - 	Entry: C:\Users\tasle\Downloads\sts-4.17.1.RELEASE\plugins\org.eclipse.m2e.maven.runtime_3.8.604.20221130-2149\jars\org.eclipse.sisu.plexus-0.3.5.jar
2023-01-31 18:00:33,670 [Worker-17: Launching Executing clean in C__Users_tasle_Documents_workspace-spring-tool-suite-4-4.17.1.RELEASE_springboot-backend] INFO  o.eclipse.m2e.core.internal.Bundles - 	Entry: C:\Users\tasle\Downloads\sts-4.17.1.RELEASE\plugins\org.eclipse.m2e.maven.runtime_3.8.604.20221130-2149\jars\plexus-build-api-0.0.7.jar
2023-01-31 18:00:33,671 [Worker-17: Launching Executing clean in C__Users_tasle_Documents_workspace-spring-tool-suite-4-4.17.1.RELEASE_springboot-backend] INFO  o.eclipse.m2e.core.internal.Bundles - 	Entry: C:\Users\tasle\Downloads\sts-4.17.1.RELEASE\plugins\org.eclipse.m2e.maven.runtime_3.8.604.20221130-2149\jars\plexus-cipher-2.0.jar
2023-01-31 18:00:33,671 [Worker-17: Launching Executing clean in C__Users_tasle_Documents_workspace-spring-tool-suite-4-4.17.1.RELEASE_springboot-backend] INFO  o.eclipse.m2e.core.internal.Bundles - 	Entry: C:\Users\tasle\Downloads\sts-4.17.1.RELEASE\plugins\org.eclipse.m2e.maven.runtime_3.8.604.20221130-2149\jars\plexus-classworlds-2.6.0.jar
2023-01-31 18:00:33,671 [Worker-17: Launching Executing clean in C__Users_tasle_Documents_workspace-spring-tool-suite-4-4.17.1.RELEASE_springboot-backend] INFO  o.eclipse.m2e.core.internal.Bundles - 	Entry: C:\Users\tasle\Downloads\sts-4.17.1.RELEASE\plugins\org.eclipse.m2e.maven.runtime_3.8.604.20221130-2149\jars\plexus-component-annotations-2.1.0.jar
2023-01-31 18:00:33,671 [Worker-17: Launching Executing clean in C__Users_tasle_Documents_workspace-spring-tool-suite-4-4.17.1.RELEASE_springboot-backend] INFO  o.eclipse.m2e.core.internal.Bundles - 	Entry: C:\Users\tasle\Downloads\sts-4.17.1.RELEASE\plugins\org.eclipse.m2e.maven.runtime_3.8.604.20221130-2149\jars\plexus-interpolation-1.26.jar
2023-01-31 18:00:33,672 [Worker-17: Launching Executing clean in C__Users_tasle_Documents_workspace-spring-tool-suite-4-4.17.1.RELEASE_springboot-backend] INFO  o.eclipse.m2e.core.internal.Bundles - 	Entry: C:\Users\tasle\Downloads\sts-4.17.1.RELEASE\plugins\org.eclipse.m2e.maven.runtime_3.8.604.20221130-2149\jars\plexus-sec-dispatcher-2.0.jar
2023-01-31 18:00:33,672 [Worker-17: Launching Executing clean in C__Users_tasle_Documents_workspace-spring-tool-suite-4-4.17.1.RELEASE_springboot-backend] INFO  o.eclipse.m2e.core.internal.Bundles - 	Entry: C:\Users\tasle\Downloads\sts-4.17.1.RELEASE\plugins\org.eclipse.m2e.maven.runtime_3.8.604.20221130-2149\jars\plexus-utils-3.3.1.jar
2023-01-31 18:00:33,672 [Worker-17: Launching Executing clean in C__Users_tasle_Documents_workspace-spring-tool-suite-4-4.17.1.RELEASE_springboot-backend] INFO  o.eclipse.m2e.core.internal.Bundles - 	Entry: C:\Users\tasle\Downloads\sts-4.17.1.RELEASE\plugins\org.eclipse.m2e.maven.runtime_3.8.604.20221130-2149\jars\wagon-file-3.5.1.jar
2023-01-31 18:00:33,672 [Worker-17: Launching Executing clean in C__Users_tasle_Documents_workspace-spring-tool-suite-4-4.17.1.RELEASE_springboot-backend] INFO  o.eclipse.m2e.core.internal.Bundles - 	Entry: C:\Users\tasle\Downloads\sts-4.17.1.RELEASE\plugins\org.eclipse.m2e.maven.runtime_3.8.604.20221130-2149\jars\wagon-provider-api-3.5.1.jar
2023-01-31 18:00:33,675 [Worker-17: Launching Executing clean in C__Users_tasle_Documents_workspace-spring-tool-suite-4-4.17.1.RELEASE_springboot-backend] INFO  o.eclipse.m2e.core.internal.Bundles - getClasspathEntries(Bundle=com.google.guava_30.1.0.v20221112-0806 [22])
2023-01-31 18:00:33,678 [Worker-17: Launching Executing clean in C__Users_tasle_Documents_workspace-spring-tool-suite-4-4.17.1.RELEASE_springboot-backend] INFO  o.eclipse.m2e.core.internal.Bundles - 	Entry: C:\Users\tasle\Downloads\sts-4.17.1.RELEASE\plugins\com.google.guava_30.1.0.v20221112-0806.jar
2023-01-31 18:00:33,678 [Worker-17: Launching Executing clean in C__Users_tasle_Documents_workspace-spring-tool-suite-4-4.17.1.RELEASE_springboot-backend] INFO  o.eclipse.m2e.core.internal.Bundles - getClasspathEntries(Bundle=slf4j.api_1.7.36 [584])
2023-01-31 18:00:33,681 [Worker-17: Launching Executing clean in C__Users_tasle_Documents_workspace-spring-tool-suite-4-4.17.1.RELEASE_springboot-backend] INFO  o.eclipse.m2e.core.internal.Bundles - 	Entry: C:\Users\tasle\Downloads\sts-4.17.1.RELEASE\plugins\slf4j.api_1.7.36.jar
2023-01-31 18:00:33,681 [Worker-17: Launching Executing clean in C__Users_tasle_Documents_workspace-spring-tool-suite-4-4.17.1.RELEASE_springboot-backend] INFO  o.eclipse.m2e.core.internal.Bundles - getClasspathEntries(Bundle=javax.inject_1.0.0.v20220405-0441 [49])
2023-01-31 18:00:33,683 [Worker-17: Launching Executing clean in C__Users_tasle_Documents_workspace-spring-tool-suite-4-4.17.1.RELEASE_springboot-backend] INFO  o.eclipse.m2e.core.internal.Bundles - 	Entry: C:\Users\tasle\Downloads\sts-4.17.1.RELEASE\plugins\javax.inject_1.0.0.v20220405-0441.jar
2023-01-31 18:00:33,683 [Worker-17: Launching Executing clean in C__Users_tasle_Documents_workspace-spring-tool-suite-4-4.17.1.RELEASE_springboot-backend] INFO  o.eclipse.m2e.core.internal.Bundles - getClasspathEntries(Bundle=javax.annotation_1.3.5.v20221112-0806 [47])
2023-01-31 18:00:33,684 [Worker-17: Launching Executing clean in C__Users_tasle_Documents_workspace-spring-tool-suite-4-4.17.1.RELEASE_springboot-backend] INFO  o.eclipse.m2e.core.internal.Bundles - 	Entry: C:\Users\tasle\Downloads\sts-4.17.1.RELEASE\plugins\javax.annotation_1.3.5.v20221112-0806.jar
2023-01-31 18:00:33,689 [Worker-17: Launching Executing clean in C__Users_tasle_Documents_workspace-spring-tool-suite-4-4.17.1.RELEASE_springboot-backend] INFO  o.e.m.i.launch.MavenLaunchDelegate - Run build in "C:\Users\tasle\Documents\workspace-spring-tool-suite-4-4.17.1.RELEASE\springboot-backend":
2023-01-31 18:00:33,697 [Worker-17: Launching Executing clean in C__Users_tasle_Documents_workspace-spring-tool-suite-4-4.17.1.RELEASE_springboot-backend] INFO  o.e.m.i.launch.MavenLaunchDelegate -  mvn  -Ppom.xml -B -Dstyle.color=always clean
2023-01-31 18:22:59,792 [Worker-4: Loading available Gradle versions] INFO  o.e.b.c.i.u.g.PublishedGradleVersions - Gradle version information cache is up-to-date. Trying to read.
2023-01-31 18:26:31,093 [Worker-4: Building] INFO  o.a.m.s.f.DefaultMavenResourcesFiltering - Copying 1 resource
2023-01-31 18:26:31,142 [Worker-4: Building] INFO  o.a.m.s.f.DefaultMavenResourcesFiltering - Copying 0 resource
2023-01-31 18:26:31,154 [Worker-4: Building] INFO  o.a.m.s.f.DefaultMavenResourcesFiltering - skip non existing resourceDirectory C:\Users\tasle\Documents\workspace-spring-tool-suite-4-4.17.1.RELEASE\springboot-backend\src\test\resources
2023-01-31 18:27:13,340 [Worker-8: Building] INFO  o.a.m.s.f.DefaultMavenResourcesFiltering - Copying 1 resource
2023-01-31 18:27:13,372 [Worker-8: Building] INFO  o.a.m.s.f.DefaultMavenResourcesFiltering - Copying 0 resource
2023-01-31 18:27:13,380 [Worker-8: Building] INFO  o.a.m.s.f.DefaultMavenResourcesFiltering - skip non existing resourceDirectory C:\Users\tasle\Documents\workspace-spring-tool-suite-4-4.17.1.RELEASE\springboot-backend\src\test\resources
2023-01-31 18:28:46,532 [Worker-4: Building] INFO  o.a.m.s.f.DefaultMavenResourcesFiltering - Copying 1 resource
2023-01-31 18:28:46,549 [Worker-4: Building] INFO  o.a.m.s.f.DefaultMavenResourcesFiltering - Copying 0 resource
2023-01-31 18:28:46,555 [Worker-4: Building] INFO  o.a.m.s.f.DefaultMavenResourcesFiltering - skip non existing resourceDirectory C:\Users\tasle\Documents\workspace-spring-tool-suite-4-4.17.1.RELEASE\springboot-backend\src\test\resources
2023-01-31 18:30:36,474 [Worker-9: Building] INFO  o.a.m.s.f.DefaultMavenResourcesFiltering - Copying 1 resource
2023-01-31 18:30:36,506 [Worker-9: Building] INFO  o.a.m.s.f.DefaultMavenResourcesFiltering - Copying 0 resource
2023-01-31 18:30:36,514 [Worker-9: Building] INFO  o.a.m.s.f.DefaultMavenResourcesFiltering - skip non existing resourceDirectory C:\Users\tasle\Documents\workspace-spring-tool-suite-4-4.17.1.RELEASE\springboot-backend\src\test\resources
2023-01-31 18:32:13,895 [Worker-16: Building] INFO  o.a.m.s.f.DefaultMavenResourcesFiltering - Copying 1 resource
2023-01-31 18:32:13,908 [Worker-16: Building] INFO  o.a.m.s.f.DefaultMavenResourcesFiltering - Copying 0 resource
2023-01-31 18:32:13,927 [Worker-16: Building] INFO  o.a.m.s.f.DefaultMavenResourcesFiltering - skip non existing resourceDirectory C:\Users\tasle\Documents\workspace-spring-tool-suite-4-4.17.1.RELEASE\springboot-backend\src\test\resources
2023-01-31 18:33:34,141 [Worker-16: Building] INFO  o.a.m.s.f.DefaultMavenResourcesFiltering - Copying 1 resource
2023-01-31 18:33:34,159 [Worker-16: Building] INFO  o.a.m.s.f.DefaultMavenResourcesFiltering - Copying 0 resource
2023-01-31 18:33:34,164 [Worker-16: Building] INFO  o.a.m.s.f.DefaultMavenResourcesFiltering - skip non existing resourceDirectory C:\Users\tasle\Documents\workspace-spring-tool-suite-4-4.17.1.RELEASE\springboot-backend\src\test\resources
2023-01-31 18:34:20,847 [Worker-15: Building] INFO  o.a.m.s.f.DefaultMavenResourcesFiltering - Copying 1 resource
2023-01-31 18:34:20,894 [Worker-15: Building] INFO  o.a.m.s.f.DefaultMavenResourcesFiltering - Copying 0 resource
2023-01-31 18:34:20,899 [Worker-15: Building] INFO  o.a.m.s.f.DefaultMavenResourcesFiltering - skip non existing resourceDirectory C:\Users\tasle\Documents\workspace-spring-tool-suite-4-4.17.1.RELEASE\springboot-backend\src\test\resources
2023-01-31 18:35:10,038 [Worker-11: Building] INFO  o.a.m.s.f.DefaultMavenResourcesFiltering - Copying 1 resource
2023-01-31 18:35:10,055 [Worker-11: Building] INFO  o.a.m.s.f.DefaultMavenResourcesFiltering - Copying 0 resource
2023-01-31 18:35:10,062 [Worker-11: Building] INFO  o.a.m.s.f.DefaultMavenResourcesFiltering - skip non existing resourceDirectory C:\Users\tasle\Documents\workspace-spring-tool-suite-4-4.17.1.RELEASE\springboot-backend\src\test\resources
2023-01-31 18:54:05,339 [Worker-18: Building] INFO  o.a.m.s.f.DefaultMavenResourcesFiltering - Copying 1 resource
2023-01-31 18:54:05,358 [Worker-18: Building] INFO  o.a.m.s.f.DefaultMavenResourcesFiltering - Copying 0 resource
2023-01-31 18:54:05,364 [Worker-18: Building] INFO  o.a.m.s.f.DefaultMavenResourcesFiltering - skip non existing resourceDirectory C:\Users\tasle\Documents\workspace-spring-tool-suite-4-4.17.1.RELEASE\springboot-backend\src\test\resources
2023-01-31 18:56:58,909 [Worker-19: Launching Executing clean in C__Users_tasle_Documents_workspace-spring-tool-suite-4-4.17.1.RELEASE_springboot-backend] INFO  o.eclipse.m2e.core.internal.Bundles - getClasspathEntries(Bundle=org.eclipse.m2e.maven.runtime_3.8.604.20221130-2149 [345])
2023-01-31 18:56:58,920 [Worker-19: Launching Executing clean in C__Users_tasle_Documents_workspace-spring-tool-suite-4-4.17.1.RELEASE_springboot-backend] INFO  o.eclipse.m2e.core.internal.Bundles - 	Entry: C:\Users\tasle\Downloads\sts-4.17.1.RELEASE\plugins\org.eclipse.m2e.maven.runtime_3.8.604.20221130-2149
2023-01-31 18:56:58,920 [Worker-19: Launching Executing clean in C__Users_tasle_Documents_workspace-spring-tool-suite-4-4.17.1.RELEASE_springboot-backend] INFO  o.eclipse.m2e.core.internal.Bundles - 	Entry: C:\Users\tasle\Downloads\sts-4.17.1.RELEASE\plugins\org.eclipse.m2e.maven.runtime_3.8.604.20221130-2149\jars\aether-connector-okhttp-0.17.8.jar
2023-01-31 18:56:58,921 [Worker-19: Launching Executing clean in C__Users_tasle_Documents_workspace-spring-tool-suite-4-4.17.1.RELEASE_springboot-backend] INFO  o.eclipse.m2e.core.internal.Bundles - 	Entry: C:\Users\tasle\Downloads\sts-4.17.1.RELEASE\plugins\org.eclipse.m2e.maven.runtime_3.8.604.20221130-2149\jars\commons-cli-1.4.jar
2023-01-31 18:56:58,921 [Worker-19: Launching Executing clean in C__Users_tasle_Documents_workspace-spring-tool-suite-4-4.17.1.RELEASE_springboot-backend] INFO  o.eclipse.m2e.core.internal.Bundles - 	Entry: C:\Users\tasle\Downloads\sts-4.17.1.RELEASE\plugins\org.eclipse.m2e.maven.runtime_3.8.604.20221130-2149\jars\commons-io-2.6.jar
2023-01-31 18:56:58,921 [Worker-19: Launching Executing clean in C__Users_tasle_Documents_workspace-spring-tool-suite-4-4.17.1.RELEASE_springboot-backend] INFO  o.eclipse.m2e.core.internal.Bundles - 	Entry: C:\Users\tasle\Downloads\sts-4.17.1.RELEASE\plugins\org.eclipse.m2e.maven.runtime_3.8.604.20221130-2149\jars\commons-lang3-3.8.1.jar
2023-01-31 18:56:58,921 [Worker-19: Launching Executing clean in C__Users_tasle_Documents_workspace-spring-tool-suite-4-4.17.1.RELEASE_springboot-backend] INFO  o.eclipse.m2e.core.internal.Bundles - 	Entry: C:\Users\tasle\Downloads\sts-4.17.1.RELEASE\plugins\org.eclipse.m2e.maven.runtime_3.8.604.20221130-2149\jars\guice-4.2.2-no_aop.jar
2023-01-31 18:56:58,921 [Worker-19: Launching Executing clean in C__Users_tasle_Documents_workspace-spring-tool-suite-4-4.17.1.RELEASE_springboot-backend] INFO  o.eclipse.m2e.core.internal.Bundles - 	Entry: C:\Users\tasle\Downloads\sts-4.17.1.RELEASE\plugins\org.eclipse.m2e.maven.runtime_3.8.604.20221130-2149\jars\jansi-2.4.0.jar
2023-01-31 18:56:58,922 [Worker-19: Launching Executing clean in C__Users_tasle_Documents_workspace-spring-tool-suite-4-4.17.1.RELEASE_springboot-backend] INFO  o.eclipse.m2e.core.internal.Bundles - 	Entry: C:\Users\tasle\Downloads\sts-4.17.1.RELEASE\plugins\org.eclipse.m2e.maven.runtime_3.8.604.20221130-2149\jars\maven-artifact-3.8.6.jar
2023-01-31 18:56:58,922 [Worker-19: Launching Executing clean in C__Users_tasle_Documents_workspace-spring-tool-suite-4-4.17.1.RELEASE_springboot-backend] INFO  o.eclipse.m2e.core.internal.Bundles - 	Entry: C:\Users\tasle\Downloads\sts-4.17.1.RELEASE\plugins\org.eclipse.m2e.maven.runtime_3.8.604.20221130-2149\jars\maven-builder-support-3.8.6.jar
2023-01-31 18:56:58,922 [Worker-19: Launching Executing clean in C__Users_tasle_Documents_workspace-spring-tool-suite-4-4.17.1.RELEASE_springboot-backend] INFO  o.eclipse.m2e.core.internal.Bundles - 	Entry: C:\Users\tasle\Downloads\sts-4.17.1.RELEASE\plugins\org.eclipse.m2e.maven.runtime_3.8.604.20221130-2149\jars\maven-compat-3.8.6.jar
2023-01-31 18:56:58,922 [Worker-19: Launching Executing clean in C__Users_tasle_Documents_workspace-spring-tool-suite-4-4.17.1.RELEASE_springboot-backend] INFO  o.eclipse.m2e.core.internal.Bundles - 	Entry: C:\Users\tasle\Downloads\sts-4.17.1.RELEASE\plugins\org.eclipse.m2e.maven.runtime_3.8.604.20221130-2149\jars\maven-core-3.8.6.jar
2023-01-31 18:56:58,924 [Worker-19: Launching Executing clean in C__Users_tasle_Documents_workspace-spring-tool-suite-4-4.17.1.RELEASE_springboot-backend] INFO  o.eclipse.m2e.core.internal.Bundles - 	Entry: C:\Users\tasle\Downloads\sts-4.17.1.RELEASE\plugins\org.eclipse.m2e.maven.runtime_3.8.604.20221130-2149\jars\maven-embedder-3.8.6.jar
2023-01-31 18:56:58,924 [Worker-19: Launching Executing clean in C__Users_tasle_Documents_workspace-spring-tool-suite-4-4.17.1.RELEASE_springboot-backend] INFO  o.eclipse.m2e.core.internal.Bundles - 	Entry: C:\Users\tasle\Downloads\sts-4.17.1.RELEASE\plugins\org.eclipse.m2e.maven.runtime_3.8.604.20221130-2149\jars\maven-model-3.8.6.jar
2023-01-31 18:56:58,924 [Worker-19: Launching Executing clean in C__Users_tasle_Documents_workspace-spring-tool-suite-4-4.17.1.RELEASE_springboot-backend] INFO  o.eclipse.m2e.core.internal.Bundles - 	Entry: C:\Users\tasle\Downloads\sts-4.17.1.RELEASE\plugins\org.eclipse.m2e.maven.runtime_3.8.604.20221130-2149\jars\maven-model-builder-3.8.6.jar
2023-01-31 18:56:58,924 [Worker-19: Launching Executing clean in C__Users_tasle_Documents_workspace-spring-tool-suite-4-4.17.1.RELEASE_springboot-backend] INFO  o.eclipse.m2e.core.internal.Bundles - 	Entry: C:\Users\tasle\Downloads\sts-4.17.1.RELEASE\plugins\org.eclipse.m2e.maven.runtime_3.8.604.20221130-2149\jars\maven-plugin-api-3.8.6.jar
2023-01-31 18:56:58,925 [Worker-19: Launching Executing clean in C__Users_tasle_Documents_workspace-spring-tool-suite-4-4.17.1.RELEASE_springboot-backend] INFO  o.eclipse.m2e.core.internal.Bundles - 	Entry: C:\Users\tasle\Downloads\sts-4.17.1.RELEASE\plugins\org.eclipse.m2e.maven.runtime_3.8.604.20221130-2149\jars\maven-repository-metadata-3.8.6.jar
2023-01-31 18:56:58,925 [Worker-19: Launching Executing clean in C__Users_tasle_Documents_workspace-spring-tool-suite-4-4.17.1.RELEASE_springboot-backend] INFO  o.eclipse.m2e.core.internal.Bundles - 	Entry: C:\Users\tasle\Downloads\sts-4.17.1.RELEASE\plugins\org.eclipse.m2e.maven.runtime_3.8.604.20221130-2149\jars\maven-resolver-api-1.6.3.jar
2023-01-31 18:56:58,925 [Worker-19: Launching Executing clean in C__Users_tasle_Documents_workspace-spring-tool-suite-4-4.17.1.RELEASE_springboot-backend] INFO  o.eclipse.m2e.core.internal.Bundles - 	Entry: C:\Users\tasle\Downloads\sts-4.17.1.RELEASE\plugins\org.eclipse.m2e.maven.runtime_3.8.604.20221130-2149\jars\maven-resolver-connector-basic-1.6.3.jar
2023-01-31 18:56:58,925 [Worker-19: Launching Executing clean in C__Users_tasle_Documents_workspace-spring-tool-suite-4-4.17.1.RELEASE_springboot-backend] INFO  o.eclipse.m2e.core.internal.Bundles - 	Entry: C:\Users\tasle\Downloads\sts-4.17.1.RELEASE\plugins\org.eclipse.m2e.maven.runtime_3.8.604.20221130-2149\jars\maven-resolver-impl-1.6.3.jar
2023-01-31 18:56:58,926 [Worker-19: Launching Executing clean in C__Users_tasle_Documents_workspace-spring-tool-suite-4-4.17.1.RELEASE_springboot-backend] INFO  o.eclipse.m2e.core.internal.Bundles - 	Entry: C:\Users\tasle\Downloads\sts-4.17.1.RELEASE\plugins\org.eclipse.m2e.maven.runtime_3.8.604.20221130-2149\jars\maven-resolver-provider-3.8.6.jar
2023-01-31 18:56:58,926 [Worker-19: Launching Executing clean in C__Users_tasle_Documents_workspace-spring-tool-suite-4-4.17.1.RELEASE_springboot-backend] INFO  o.eclipse.m2e.core.internal.Bundles - 	Entry: C:\Users\tasle\Downloads\sts-4.17.1.RELEASE\plugins\org.eclipse.m2e.maven.runtime_3.8.604.20221130-2149\jars\maven-resolver-spi-1.6.3.jar
2023-01-31 18:56:58,926 [Worker-19: Launching Executing clean in C__Users_tasle_Documents_workspace-spring-tool-suite-4-4.17.1.RELEASE_springboot-backend] INFO  o.eclipse.m2e.core.internal.Bundles - 	Entry: C:\Users\tasle\Downloads\sts-4.17.1.RELEASE\plugins\org.eclipse.m2e.maven.runtime_3.8.604.20221130-2149\jars\maven-resolver-transport-wagon-1.6.3.jar
2023-01-31 18:56:58,926 [Worker-19: Launching Executing clean in C__Users_tasle_Documents_workspace-spring-tool-suite-4-4.17.1.RELEASE_springboot-backend] INFO  o.eclipse.m2e.core.internal.Bundles - 	Entry: C:\Users\tasle\Downloads\sts-4.17.1.RELEASE\plugins\org.eclipse.m2e.maven.runtime_3.8.604.20221130-2149\jars\maven-resolver-util-1.6.3.jar
2023-01-31 18:56:58,927 [Worker-19: Launching Executing clean in C__Users_tasle_Documents_workspace-spring-tool-suite-4-4.17.1.RELEASE_springboot-backend] INFO  o.eclipse.m2e.core.internal.Bundles - 	Entry: C:\Users\tasle\Downloads\sts-4.17.1.RELEASE\plugins\org.eclipse.m2e.maven.runtime_3.8.604.20221130-2149\jars\maven-settings-3.8.6.jar
2023-01-31 18:56:58,927 [Worker-19: Launching Executing clean in C__Users_tasle_Documents_workspace-spring-tool-suite-4-4.17.1.RELEASE_springboot-backend] INFO  o.eclipse.m2e.core.internal.Bundles - 	Entry: C:\Users\tasle\Downloads\sts-4.17.1.RELEASE\plugins\org.eclipse.m2e.maven.runtime_3.8.604.20221130-2149\jars\maven-settings-builder-3.8.6.jar
2023-01-31 18:56:58,927 [Worker-19: Launching Executing clean in C__Users_tasle_Documents_workspace-spring-tool-suite-4-4.17.1.RELEASE_springboot-backend] INFO  o.eclipse.m2e.core.internal.Bundles - 	Entry: C:\Users\tasle\Downloads\sts-4.17.1.RELEASE\plugins\org.eclipse.m2e.maven.runtime_3.8.604.20221130-2149\jars\maven-shared-utils-3.3.4.jar
2023-01-31 18:56:58,927 [Worker-19: Launching Executing clean in C__Users_tasle_Documents_workspace-spring-tool-suite-4-4.17.1.RELEASE_springboot-backend] INFO  o.eclipse.m2e.core.internal.Bundles - 	Entry: C:\Users\tasle\Downloads\sts-4.17.1.RELEASE\plugins\org.eclipse.m2e.maven.runtime_3.8.604.20221130-2149\jars\okhttp-3.14.1.jar
2023-01-31 18:56:58,927 [Worker-19: Launching Executing clean in C__Users_tasle_Documents_workspace-spring-tool-suite-4-4.17.1.RELEASE_springboot-backend] INFO  o.eclipse.m2e.core.internal.Bundles - 	Entry: C:\Users\tasle\Downloads\sts-4.17.1.RELEASE\plugins\org.eclipse.m2e.maven.runtime_3.8.604.20221130-2149\jars\okio-1.17.3.jar
2023-01-31 18:56:58,928 [Worker-19: Launching Executing clean in C__Users_tasle_Documents_workspace-spring-tool-suite-4-4.17.1.RELEASE_springboot-backend] INFO  o.eclipse.m2e.core.internal.Bundles - 	Entry: C:\Users\tasle\Downloads\sts-4.17.1.RELEASE\plugins\org.eclipse.m2e.maven.runtime_3.8.604.20221130-2149\jars\org.eclipse.sisu.inject-0.3.5.jar
2023-01-31 18:56:58,928 [Worker-19: Launching Executing clean in C__Users_tasle_Documents_workspace-spring-tool-suite-4-4.17.1.RELEASE_springboot-backend] INFO  o.eclipse.m2e.core.internal.Bundles - 	Entry: C:\Users\tasle\Downloads\sts-4.17.1.RELEASE\plugins\org.eclipse.m2e.maven.runtime_3.8.604.20221130-2149\jars\org.eclipse.sisu.plexus-0.3.5.jar
2023-01-31 18:56:58,928 [Worker-19: Launching Executing clean in C__Users_tasle_Documents_workspace-spring-tool-suite-4-4.17.1.RELEASE_springboot-backend] INFO  o.eclipse.m2e.core.internal.Bundles - 	Entry: C:\Users\tasle\Downloads\sts-4.17.1.RELEASE\plugins\org.eclipse.m2e.maven.runtime_3.8.604.20221130-2149\jars\plexus-build-api-0.0.7.jar
2023-01-31 18:56:58,928 [Worker-19: Launching Executing clean in C__Users_tasle_Documents_workspace-spring-tool-suite-4-4.17.1.RELEASE_springboot-backend] INFO  o.eclipse.m2e.core.internal.Bundles - 	Entry: C:\Users\tasle\Downloads\sts-4.17.1.RELEASE\plugins\org.eclipse.m2e.maven.runtime_3.8.604.20221130-2149\jars\plexus-cipher-2.0.jar
2023-01-31 18:56:58,928 [Worker-19: Launching Executing clean in C__Users_tasle_Documents_workspace-spring-tool-suite-4-4.17.1.RELEASE_springboot-backend] INFO  o.eclipse.m2e.core.internal.Bundles - 	Entry: C:\Users\tasle\Downloads\sts-4.17.1.RELEASE\plugins\org.eclipse.m2e.maven.runtime_3.8.604.20221130-2149\jars\plexus-classworlds-2.6.0.jar
2023-01-31 18:56:58,929 [Worker-19: Launching Executing clean in C__Users_tasle_Documents_workspace-spring-tool-suite-4-4.17.1.RELEASE_springboot-backend] INFO  o.eclipse.m2e.core.internal.Bundles - 	Entry: C:\Users\tasle\Downloads\sts-4.17.1.RELEASE\plugins\org.eclipse.m2e.maven.runtime_3.8.604.20221130-2149\jars\plexus-component-annotations-2.1.0.jar
2023-01-31 18:56:58,929 [Worker-19: Launching Executing clean in C__Users_tasle_Documents_workspace-spring-tool-suite-4-4.17.1.RELEASE_springboot-backend] INFO  o.eclipse.m2e.core.internal.Bundles - 	Entry: C:\Users\tasle\Downloads\sts-4.17.1.RELEASE\plugins\org.eclipse.m2e.maven.runtime_3.8.604.20221130-2149\jars\plexus-interpolation-1.26.jar
2023-01-31 18:56:58,929 [Worker-19: Launching Executing clean in C__Users_tasle_Documents_workspace-spring-tool-suite-4-4.17.1.RELEASE_springboot-backend] INFO  o.eclipse.m2e.core.internal.Bundles - 	Entry: C:\Users\tasle\Downloads\sts-4.17.1.RELEASE\plugins\org.eclipse.m2e.maven.runtime_3.8.604.20221130-2149\jars\plexus-sec-dispatcher-2.0.jar
2023-01-31 18:56:58,929 [Worker-19: Launching Executing clean in C__Users_tasle_Documents_workspace-spring-tool-suite-4-4.17.1.RELEASE_springboot-backend] INFO  o.eclipse.m2e.core.internal.Bundles - 	Entry: C:\Users\tasle\Downloads\sts-4.17.1.RELEASE\plugins\org.eclipse.m2e.maven.runtime_3.8.604.20221130-2149\jars\plexus-utils-3.3.1.jar
2023-01-31 18:56:58,930 [Worker-19: Launching Executing clean in C__Users_tasle_Documents_workspace-spring-tool-suite-4-4.17.1.RELEASE_springboot-backend] INFO  o.eclipse.m2e.core.internal.Bundles - 	Entry: C:\Users\tasle\Downloads\sts-4.17.1.RELEASE\plugins\org.eclipse.m2e.maven.runtime_3.8.604.20221130-2149\jars\wagon-file-3.5.1.jar
2023-01-31 18:56:58,930 [Worker-19: Launching Executing clean in C__Users_tasle_Documents_workspace-spring-tool-suite-4-4.17.1.RELEASE_springboot-backend] INFO  o.eclipse.m2e.core.internal.Bundles - 	Entry: C:\Users\tasle\Downloads\sts-4.17.1.RELEASE\plugins\org.eclipse.m2e.maven.runtime_3.8.604.20221130-2149\jars\wagon-provider-api-3.5.1.jar
2023-01-31 18:56:58,932 [Worker-19: Launching Executing clean in C__Users_tasle_Documents_workspace-spring-tool-suite-4-4.17.1.RELEASE_springboot-backend] INFO  o.eclipse.m2e.core.internal.Bundles - getClasspathEntries(Bundle=com.google.guava_30.1.0.v20221112-0806 [22])
2023-01-31 18:56:58,935 [Worker-19: Launching Executing clean in C__Users_tasle_Documents_workspace-spring-tool-suite-4-4.17.1.RELEASE_springboot-backend] INFO  o.eclipse.m2e.core.internal.Bundles - 	Entry: C:\Users\tasle\Downloads\sts-4.17.1.RELEASE\plugins\com.google.guava_30.1.0.v20221112-0806.jar
2023-01-31 18:56:58,935 [Worker-19: Launching Executing clean in C__Users_tasle_Documents_workspace-spring-tool-suite-4-4.17.1.RELEASE_springboot-backend] INFO  o.eclipse.m2e.core.internal.Bundles - getClasspathEntries(Bundle=slf4j.api_1.7.36 [584])
2023-01-31 18:56:58,937 [Worker-19: Launching Executing clean in C__Users_tasle_Documents_workspace-spring-tool-suite-4-4.17.1.RELEASE_springboot-backend] INFO  o.eclipse.m2e.core.internal.Bundles - 	Entry: C:\Users\tasle\Downloads\sts-4.17.1.RELEASE\plugins\slf4j.api_1.7.36.jar
2023-01-31 18:56:58,937 [Worker-19: Launching Executing clean in C__Users_tasle_Documents_workspace-spring-tool-suite-4-4.17.1.RELEASE_springboot-backend] INFO  o.eclipse.m2e.core.internal.Bundles - getClasspathEntries(Bundle=javax.inject_1.0.0.v20220405-0441 [49])
2023-01-31 18:56:58,939 [Worker-19: Launching Executing clean in C__Users_tasle_Documents_workspace-spring-tool-suite-4-4.17.1.RELEASE_springboot-backend] INFO  o.eclipse.m2e.core.internal.Bundles - 	Entry: C:\Users\tasle\Downloads\sts-4.17.1.RELEASE\plugins\javax.inject_1.0.0.v20220405-0441.jar
2023-01-31 18:56:58,939 [Worker-19: Launching Executing clean in C__Users_tasle_Documents_workspace-spring-tool-suite-4-4.17.1.RELEASE_springboot-backend] INFO  o.eclipse.m2e.core.internal.Bundles - getClasspathEntries(Bundle=javax.annotation_1.3.5.v20221112-0806 [47])
2023-01-31 18:56:58,940 [Worker-19: Launching Executing clean in C__Users_tasle_Documents_workspace-spring-tool-suite-4-4.17.1.RELEASE_springboot-backend] INFO  o.eclipse.m2e.core.internal.Bundles - 	Entry: C:\Users\tasle\Downloads\sts-4.17.1.RELEASE\plugins\javax.annotation_1.3.5.v20221112-0806.jar
2023-01-31 18:56:58,946 [Worker-19: Launching Executing clean in C__Users_tasle_Documents_workspace-spring-tool-suite-4-4.17.1.RELEASE_springboot-backend] INFO  o.e.m.i.launch.MavenLaunchDelegate - Run build in "C:\Users\tasle\Documents\workspace-spring-tool-suite-4-4.17.1.RELEASE\springboot-backend":
2023-01-31 18:56:58,949 [Worker-19: Launching Executing clean in C__Users_tasle_Documents_workspace-spring-tool-suite-4-4.17.1.RELEASE_springboot-backend] INFO  o.e.m.i.launch.MavenLaunchDelegate -  mvn  -Ppom.xml -B -Dstyle.color=always clean
2023-01-31 18:57:01,759 [Worker-21: Building] INFO  o.a.m.s.f.DefaultMavenResourcesFiltering - Copying 1 resource
2023-01-31 18:57:01,762 [Worker-21: Building] INFO  o.a.m.s.f.DefaultMavenResourcesFiltering - Copying 0 resource
2023-01-31 18:57:01,765 [Worker-21: Building] INFO  o.a.m.s.f.DefaultMavenResourcesFiltering - skip non existing resourceDirectory C:\Users\tasle\Documents\workspace-spring-tool-suite-4-4.17.1.RELEASE\springboot-backend\src\test\resources
2023-01-31 18:57:32,982 [Worker-21: Building] INFO  o.a.m.s.f.DefaultMavenResourcesFiltering - Copying 1 resource
2023-01-31 18:57:32,984 [Worker-21: Building] INFO  o.a.m.s.f.DefaultMavenResourcesFiltering - Copying 0 resource
2023-01-31 18:57:32,988 [Worker-21: Building] INFO  o.a.m.s.f.DefaultMavenResourcesFiltering - skip non existing resourceDirectory C:\Users\tasle\Documents\workspace-spring-tool-suite-4-4.17.1.RELEASE\springboot-backend\src\test\resources
2023-01-31 18:59:20,432 [Worker-26: Building] INFO  o.a.m.s.f.DefaultMavenResourcesFiltering - Copying 1 resource
2023-01-31 18:59:20,453 [Worker-26: Building] INFO  o.a.m.s.f.DefaultMavenResourcesFiltering - Copying 0 resource
2023-01-31 18:59:20,459 [Worker-26: Building] INFO  o.a.m.s.f.DefaultMavenResourcesFiltering - skip non existing resourceDirectory C:\Users\tasle\Documents\workspace-spring-tool-suite-4-4.17.1.RELEASE\springboot-backend\src\test\resources
2023-01-31 18:59:33,358 [Worker-27: Building] INFO  o.a.m.s.f.DefaultMavenResourcesFiltering - Copying 1 resource
2023-01-31 18:59:33,362 [Worker-27: Building] INFO  o.a.m.s.f.DefaultMavenResourcesFiltering - Copying 0 resource
2023-01-31 18:59:33,367 [Worker-27: Building] INFO  o.a.m.s.f.DefaultMavenResourcesFiltering - skip non existing resourceDirectory C:\Users\tasle\Documents\workspace-spring-tool-suite-4-4.17.1.RELEASE\springboot-backend\src\test\resources
2023-01-31 19:07:38,957 [Worker-31: Building] INFO  o.a.m.s.f.DefaultMavenResourcesFiltering - Copying 1 resource
2023-01-31 19:07:38,962 [Worker-31: Building] INFO  o.a.m.s.f.DefaultMavenResourcesFiltering - Copying 0 resource
2023-01-31 19:07:38,965 [Worker-31: Building] INFO  o.a.m.s.f.DefaultMavenResourcesFiltering - skip non existing resourceDirectory C:\Users\tasle\Documents\workspace-spring-tool-suite-4-4.17.1.RELEASE\springboot-backend\src\test\resources
2023-02-01 00:10:47,905 [Worker-30: Building] INFO  o.a.m.s.f.DefaultMavenResourcesFiltering - Copying 1 resource
2023-02-01 00:10:47,906 [Worker-30: Building] INFO  o.a.m.s.f.DefaultMavenResourcesFiltering - Copying 0 resource
2023-02-01 00:10:47,910 [Worker-30: Building] INFO  o.a.m.s.f.DefaultMavenResourcesFiltering - skip non existing resourceDirectory C:\Users\tasle\Documents\workspace-spring-tool-suite-4-4.17.1.RELEASE\springboot-backend\src\test\resources
2023-02-01 00:10:56,602 [Worker-33: Updating Maven Project] INFO  o.e.m.c.i.p.ProjectConfigurationManager - Update started
2023-02-01 00:10:59,343 [Worker-33: Updating Maven Project] INFO  o.e.m.c.i.l.LifecycleMappingFactory - Using org.eclipse.m2e.jdt.JarLifecycleMapping lifecycle mapping for MavenProject: com.springboot-backend-app:springboot-backend:0.0.1-SNAPSHOT @ C:\Users\tasle\Documents\workspace-spring-tool-suite-4-4.17.1.RELEASE\springboot-backend\pom.xml.
2023-02-01 00:11:02,222 [Worker-33: Updating Maven Project] INFO  o.e.m.j.i.AbstractJavaProjectConfigurator - Adding source folder /springboot-backend/src/main/java
2023-02-01 00:11:02,222 [Worker-33: Updating Maven Project] INFO  o.e.m.j.i.AbstractJavaProjectConfigurator - Adding resource folder /springboot-backend/src/main/resources
2023-02-01 00:11:02,223 [Worker-33: Updating Maven Project] INFO  o.e.m.j.i.AbstractJavaProjectConfigurator - Adding resource folder /springboot-backend/src/main/resources
2023-02-01 00:11:02,224 [Worker-33: Updating Maven Project] INFO  o.e.m.j.i.AbstractJavaProjectConfigurator - Adding source folder /springboot-backend/src/test/java
2023-02-01 00:11:02,565 [Worker-33: Updating Maven Project] INFO  o.e.m.c.i.p.ProjectConfigurationManager - Update completed for 1 poms: local refresh takes 0.00 sec, refresh facades takes 5.00 sec, update config takes 0.00 sec 
2023-02-01 00:11:11,789 [Worker-37: Launching Executing clean in C__Users_tasle_Documents_workspace-spring-tool-suite-4-4.17.1.RELEASE_springboot-backend] INFO  o.e.m.i.launch.MavenLaunchDelegate - Run build in "C:\Users\tasle\Documents\workspace-spring-tool-suite-4-4.17.1.RELEASE\springboot-backend":
2023-02-01 00:11:11,789 [Worker-37: Launching Executing clean in C__Users_tasle_Documents_workspace-spring-tool-suite-4-4.17.1.RELEASE_springboot-backend] INFO  o.e.m.i.launch.MavenLaunchDelegate -  mvn  -Ppom.xml -B -Dstyle.color=always clean
2023-02-01 00:18:09,813 [Worker-39: Launching Executing install in C__Users_tasle_Documents_workspace-spring-tool-suite-4-4.17.1.RELEASE_springboot-backend] INFO  o.e.m.i.launch.MavenLaunchDelegate - Run build in "C:\Users\tasle\Documents\workspace-spring-tool-suite-4-4.17.1.RELEASE\springboot-backend":
2023-02-01 00:18:09,814 [Worker-39: Launching Executing install in C__Users_tasle_Documents_workspace-spring-tool-suite-4-4.17.1.RELEASE_springboot-backend] INFO  o.e.m.i.launch.MavenLaunchDelegate -  mvn  -Ppom.xml -B -Dstyle.color=always install
2023-02-01 00:18:58,763 [Worker-41: Launching Executing install in C__Users_tasle_Documents_workspace-spring-tool-suite-4-4.17.1.RELEASE_springboot-backend] INFO  o.e.m.i.launch.MavenLaunchDelegate - Run build in "C:\Users\tasle\Documents\workspace-spring-tool-suite-4-4.17.1.RELEASE\springboot-backend":
2023-02-01 00:18:58,763 [Worker-41: Launching Executing install in C__Users_tasle_Documents_workspace-spring-tool-suite-4-4.17.1.RELEASE_springboot-backend] INFO  o.e.m.i.launch.MavenLaunchDelegate -  mvn  -Ppom.xml -B -Dstyle.color=always install
2023-02-01 01:09:45,891 [Worker-5: Loading available Gradle versions] INFO  o.e.b.c.i.u.g.PublishedGradleVersions - Gradle version information cache is out-of-date. Trying to update.
2023-02-01 01:34:55,565 [Worker-12: Building] INFO  o.a.m.s.f.DefaultMavenResourcesFiltering - Copying 1 resource
2023-02-01 01:34:55,772 [Worker-12: Building] INFO  o.a.m.s.f.DefaultMavenResourcesFiltering - Copying 0 resource
2023-02-01 01:34:55,779 [Worker-12: Building] INFO  o.a.m.s.f.DefaultMavenResourcesFiltering - skip non existing resourceDirectory C:\Users\tasle\Documents\workspace-spring-tool-suite-4-4.17.1.RELEASE\springboot-backend\src\test\resources
2023-02-01 01:35:21,170 [Worker-16: Building] INFO  o.a.m.s.f.DefaultMavenResourcesFiltering - Copying 1 resource
2023-02-01 01:35:21,185 [Worker-16: Building] INFO  o.a.m.s.f.DefaultMavenResourcesFiltering - Copying 0 resource
2023-02-01 01:35:21,190 [Worker-16: Building] INFO  o.a.m.s.f.DefaultMavenResourcesFiltering - skip non existing resourceDirectory C:\Users\tasle\Documents\workspace-spring-tool-suite-4-4.17.1.RELEASE\springboot-backend\src\test\resources
2023-02-01 01:36:02,627 [Worker-7: Building] INFO  o.a.m.s.f.DefaultMavenResourcesFiltering - Copying 1 resource
2023-02-01 01:36:02,644 [Worker-7: Building] INFO  o.a.m.s.f.DefaultMavenResourcesFiltering - Copying 0 resource
2023-02-01 01:36:02,649 [Worker-7: Building] INFO  o.a.m.s.f.DefaultMavenResourcesFiltering - skip non existing resourceDirectory C:\Users\tasle\Documents\workspace-spring-tool-suite-4-4.17.1.RELEASE\springboot-backend\src\test\resources
2023-02-01 01:37:09,876 [Worker-17: Building] INFO  o.a.m.s.f.DefaultMavenResourcesFiltering - Copying 1 resource
2023-02-01 01:37:09,895 [Worker-17: Building] INFO  o.a.m.s.f.DefaultMavenResourcesFiltering - Copying 0 resource
2023-02-01 01:37:09,900 [Worker-17: Building] INFO  o.a.m.s.f.DefaultMavenResourcesFiltering - skip non existing resourceDirectory C:\Users\tasle\Documents\workspace-spring-tool-suite-4-4.17.1.RELEASE\springboot-backend\src\test\resources
2023-02-01 01:38:20,745 [Worker-12: Building] INFO  o.a.m.s.f.DefaultMavenResourcesFiltering - Copying 1 resource
2023-02-01 01:38:20,767 [Worker-12: Building] INFO  o.a.m.s.f.DefaultMavenResourcesFiltering - Copying 0 resource
2023-02-01 01:38:20,774 [Worker-12: Building] INFO  o.a.m.s.f.DefaultMavenResourcesFiltering - skip non existing resourceDirectory C:\Users\tasle\Documents\workspace-spring-tool-suite-4-4.17.1.RELEASE\springboot-backend\src\test\resources
2023-02-01 09:45:04,176 [Worker-0: Loading available Gradle versions] INFO  o.e.b.c.i.u.g.PublishedGradleVersions - Gradle version information cache is up-to-date. Trying to read.
2023-02-01 10:33:01,635 [Worker-20: Building] INFO  o.a.m.s.f.DefaultMavenResourcesFiltering - Copying 1 resource
2023-02-01 10:33:01,765 [Worker-20: Building] INFO  o.a.m.s.f.DefaultMavenResourcesFiltering - Copying 0 resource
2023-02-01 10:33:01,771 [Worker-20: Building] INFO  o.a.m.s.f.DefaultMavenResourcesFiltering - skip non existing resourceDirectory C:\Users\tasle\Documents\workspace-spring-tool-suite-4-4.17.1.RELEASE\springboot-backend\src\test\resources
2023-02-01 11:53:02,416 [Worker-34: Building] INFO  o.a.m.s.f.DefaultMavenResourcesFiltering - Copying 1 resource
2023-02-01 11:53:02,452 [Worker-34: Building] INFO  o.a.m.s.f.DefaultMavenResourcesFiltering - Copying 0 resource
2023-02-01 11:53:02,460 [Worker-34: Building] INFO  o.a.m.s.f.DefaultMavenResourcesFiltering - skip non existing resourceDirectory C:\Users\tasle\Documents\workspace-spring-tool-suite-4-4.17.1.RELEASE\springboot-backend\src\test\resources
2023-02-01 12:03:42,305 [Worker-33: Building] INFO  o.a.m.s.f.DefaultMavenResourcesFiltering - Copying 1 resource
2023-02-01 12:03:42,322 [Worker-33: Building] INFO  o.a.m.s.f.DefaultMavenResourcesFiltering - Copying 0 resource
2023-02-01 12:03:42,328 [Worker-33: Building] INFO  o.a.m.s.f.DefaultMavenResourcesFiltering - skip non existing resourceDirectory C:\Users\tasle\Documents\workspace-spring-tool-suite-4-4.17.1.RELEASE\springboot-backend\src\test\resources
2023-02-01 14:52:20,325 [Worker-41: Building] INFO  o.a.m.s.f.DefaultMavenResourcesFiltering - Copying 1 resource
2023-02-01 14:52:20,356 [Worker-41: Building] INFO  o.a.m.s.f.DefaultMavenResourcesFiltering - Copying 0 resource
2023-02-01 14:52:20,359 [Worker-41: Building] INFO  o.a.m.s.f.DefaultMavenResourcesFiltering - skip non existing resourceDirectory C:\Users\tasle\Documents\workspace-spring-tool-suite-4-4.17.1.RELEASE\springboot-backend\src\test\resources
2023-02-01 14:53:14,179 [Worker-43: Building] INFO  o.a.m.s.f.DefaultMavenResourcesFiltering - Copying 1 resource
2023-02-01 14:53:14,213 [Worker-43: Building] INFO  o.a.m.s.f.DefaultMavenResourcesFiltering - Copying 0 resource
2023-02-01 14:53:14,216 [Worker-43: Building] INFO  o.a.m.s.f.DefaultMavenResourcesFiltering - skip non existing resourceDirectory C:\Users\tasle\Documents\workspace-spring-tool-suite-4-4.17.1.RELEASE\springboot-backend\src\test\resources
2023-02-01 15:06:46,718 [Worker-43: Building] INFO  o.a.m.s.f.DefaultMavenResourcesFiltering - Copying 1 resource
2023-02-01 15:06:46,754 [Worker-43: Building] INFO  o.a.m.s.f.DefaultMavenResourcesFiltering - Copying 0 resource
2023-02-01 15:06:46,780 [Worker-43: Building] INFO  o.a.m.s.f.DefaultMavenResourcesFiltering - skip non existing resourceDirectory C:\Users\tasle\Documents\workspace-spring-tool-suite-4-4.17.1.RELEASE\springboot-backend\src\test\resources
2023-02-01 15:21:52,053 [Worker-54: Building] INFO  o.a.m.s.f.DefaultMavenResourcesFiltering - Copying 1 resource
2023-02-01 15:21:52,156 [Worker-54: Building] INFO  o.a.m.s.f.DefaultMavenResourcesFiltering - Copying 0 resource
2023-02-01 15:21:52,165 [Worker-54: Building] INFO  o.a.m.s.f.DefaultMavenResourcesFiltering - skip non existing resourceDirectory C:\Users\tasle\Documents\workspace-spring-tool-suite-4-4.17.1.RELEASE\springboot-backend\src\test\resources
2023-02-01 17:50:07,612 [Worker-61: Building] INFO  o.a.m.s.f.DefaultMavenResourcesFiltering - Copying 1 resource
2023-02-01 17:50:07,796 [Worker-61: Building] INFO  o.a.m.s.f.DefaultMavenResourcesFiltering - Copying 0 resource
2023-02-01 17:50:07,802 [Worker-61: Building] INFO  o.a.m.s.f.DefaultMavenResourcesFiltering - skip non existing resourceDirectory C:\Users\tasle\Documents\workspace-spring-tool-suite-4-4.17.1.RELEASE\springboot-backend\src\test\resources
2023-02-01 17:51:05,094 [Worker-58: Building] INFO  o.a.m.s.f.DefaultMavenResourcesFiltering - Copying 1 resource
2023-02-01 17:51:05,137 [Worker-58: Building] INFO  o.a.m.s.f.DefaultMavenResourcesFiltering - Copying 0 resource
2023-02-01 17:51:05,142 [Worker-58: Building] INFO  o.a.m.s.f.DefaultMavenResourcesFiltering - skip non existing resourceDirectory C:\Users\tasle\Documents\workspace-spring-tool-suite-4-4.17.1.RELEASE\springboot-backend\src\test\resources
2023-02-01 18:41:48,688 [Worker-69: Building] INFO  o.a.m.s.f.DefaultMavenResourcesFiltering - Copying 0 resource
2023-02-01 18:41:48,688 [Worker-69: Building] INFO  o.a.m.s.f.DefaultMavenResourcesFiltering - Copying 0 resource
2023-02-01 18:41:48,693 [Worker-69: Building] INFO  o.a.m.s.f.DefaultMavenResourcesFiltering - skip non existing resourceDirectory C:\Users\tasle\Documents\workspace-spring-tool-suite-4-4.17.1.RELEASE\springboot-backend\src\test\resources
2023-02-01 18:42:02,210 [Worker-69: Building] INFO  o.a.m.s.f.DefaultMavenResourcesFiltering - Copying 0 resource
2023-02-01 18:42:02,211 [Worker-69: Building] INFO  o.a.m.s.f.DefaultMavenResourcesFiltering - Copying 0 resource
2023-02-01 18:42:02,217 [Worker-69: Building] INFO  o.a.m.s.f.DefaultMavenResourcesFiltering - skip non existing resourceDirectory C:\Users\tasle\Documents\workspace-spring-tool-suite-4-4.17.1.RELEASE\springboot-backend\src\test\resources
